Determining if the pthread_create exist failed with the following output:
Change Dir: /home/robot/catkin_ws/build/CMakeFiles/CMakeTmp

Run Build Command:"/usr/bin/make" "cmTC_c5458/fast"
/usr/bin/make -f CMakeFiles/cmTC_c5458.dir/build.make CMakeFiles/cmTC_c5458.dir/build
make[1]: Entering directory '/home/robot/catkin_ws/build/CMakeFiles/CMakeTmp'
Building C object CMakeFiles/cmTC_c5458.dir/CheckSymbolExists.c.o
/usr/bin/cc    -o CMakeFiles/cmTC_c5458.dir/CheckSymbolExists.c.o   -c /home/robot/catkin_ws/build/CMakeFiles/CMakeTmp/CheckSymbolExists.c
Linking C executable cmTC_c5458
/usr/bin/cmake -E cmake_link_script CMakeFiles/cmTC_c5458.dir/link.txt --verbose=1
/usr/bin/cc      -rdynamic CMakeFiles/cmTC_c5458.dir/CheckSymbolExists.c.o  -o cmTC_c5458 
CMakeFiles/cmTC_c5458.dir/CheckSymbolExists.c.o: In function `main':
CheckSymbolExists.c:(.text+0x1b): undefined reference to `pthread_create'
collect2: error: ld returned 1 exit status
CMakeFiles/cmTC_c5458.dir/build.make:97: recipe for target 'cmTC_c5458' failed
make[1]: *** [cmTC_c5458] Error 1
make[1]: Leaving directory '/home/robot/catkin_ws/build/CMakeFiles/CMakeTmp'
Makefile:126: recipe for target 'cmTC_c5458/fast' failed
make: *** [cmTC_c5458/fast] Error 2

File /home/robot/catkin_ws/build/CMakeFiles/CMakeTmp/CheckSymbolExists.c:
/* */
#include <pthread.h>

int main(int argc, char** argv)
{
  (void)argv;
#ifndef pthread_create
  return ((int*)(&pthread_create))[argc];
#else
  (void)argc;
  return 0;
#endif
}

Determining if the function pthread_create exists in the pthreads failed with the following output:
Change Dir: /home/robot/catkin_ws/build/CMakeFiles/CMakeTmp

Run Build Command:"/usr/bin/make" "cmTC_f5c67/fast"
/usr/bin/make -f CMakeFiles/cmTC_f5c67.dir/build.make CMakeFiles/cmTC_f5c67.dir/build
make[1]: Entering directory '/home/robot/catkin_ws/build/CMakeFiles/CMakeTmp'
Building C object CMakeFiles/cmTC_f5c67.dir/CheckFunctionExists.c.o
/usr/bin/cc   -DCHECK_FUNCTION_EXISTS=pthread_create   -o CMakeFiles/cmTC_f5c67.dir/CheckFunctionExists.c.o   -c /usr/share/cmake-3.10/Modules/CheckFunctionExists.c
Linking C executable cmTC_f5c67
/usr/bin/cmake -E cmake_link_script CMakeFiles/cmTC_f5c67.dir/link.txt --verbose=1
/usr/bin/cc  -DCHECK_FUNCTION_EXISTS=pthread_create    -rdynamic CMakeFiles/cmTC_f5c67.dir/CheckFunctionExists.c.o  -o cmTC_f5c67 -lpthreads 
/usr/bin/ld: cannot find -lpthreads
collect2: error: ld returned 1 exit status
CMakeFiles/cmTC_f5c67.dir/build.make:97: recipe for target 'cmTC_f5c67' failed
make[1]: *** [cmTC_f5c67] Error 1
make[1]: Leaving directory '/home/robot/catkin_ws/build/CMakeFiles/CMakeTmp'
Makefile:126: recipe for target 'cmTC_f5c67/fast' failed
make: *** [cmTC_f5c67/fast] Error 2


Determining if the CL_VERSION_2_0 exist failed with the following output:
Change Dir: /home/robot/catkin_ws/build/CMakeFiles/CMakeTmp

Run Build Command:"/usr/bin/make" "cmTC_99025/fast"
/usr/bin/make -f CMakeFiles/cmTC_99025.dir/build.make CMakeFiles/cmTC_99025.dir/build
make[1]: Entering directory '/home/robot/catkin_ws/build/CMakeFiles/CMakeTmp'
Building C object CMakeFiles/cmTC_99025.dir/CheckSymbolExists.c.o
/usr/bin/cc    -o CMakeFiles/cmTC_99025.dir/CheckSymbolExists.c.o   -c /home/robot/catkin_ws/build/CMakeFiles/CMakeTmp/CheckSymbolExists.c
/home/robot/catkin_ws/build/CMakeFiles/CMakeTmp/CheckSymbolExists.c:2:10: fatal error: OpenCL_INCLUDE_DIR-NOTFOUND/CL/cl.h: No such file or directory
 #include <OpenCL_INCLUDE_DIR-NOTFOUND/CL/cl.h>
          ^~~~~~~~~~~~~~~~~~~~~~~~~~~~~~~~~~~~~
compilation terminated.
CMakeFiles/cmTC_99025.dir/build.make:65: recipe for target 'CMakeFiles/cmTC_99025.dir/CheckSymbolExists.c.o' failed
make[1]: *** [CMakeFiles/cmTC_99025.dir/CheckSymbolExists.c.o] Error 1
make[1]: Leaving directory '/home/robot/catkin_ws/build/CMakeFiles/CMakeTmp'
Makefile:126: recipe for target 'cmTC_99025/fast' failed
make: *** [cmTC_99025/fast] Error 2

File /home/robot/catkin_ws/build/CMakeFiles/CMakeTmp/CheckSymbolExists.c:
/* */
#include <OpenCL_INCLUDE_DIR-NOTFOUND/CL/cl.h>

int main(int argc, char** argv)
{
  (void)argv;
#ifndef CL_VERSION_2_0
  return ((int*)(&CL_VERSION_2_0))[argc];
#else
  (void)argc;
  return 0;
#endif
}

Determining if the CL_VERSION_1_2 exist failed with the following output:
Change Dir: /home/robot/catkin_ws/build/CMakeFiles/CMakeTmp

Run Build Command:"/usr/bin/make" "cmTC_2dd9e/fast"
/usr/bin/make -f CMakeFiles/cmTC_2dd9e.dir/build.make CMakeFiles/cmTC_2dd9e.dir/build
make[1]: Entering directory '/home/robot/catkin_ws/build/CMakeFiles/CMakeTmp'
Building C object CMakeFiles/cmTC_2dd9e.dir/CheckSymbolExists.c.o
/usr/bin/cc    -o CMakeFiles/cmTC_2dd9e.dir/CheckSymbolExists.c.o   -c /home/robot/catkin_ws/build/CMakeFiles/CMakeTmp/CheckSymbolExists.c
/home/robot/catkin_ws/build/CMakeFiles/CMakeTmp/CheckSymbolExists.c:2:10: fatal error: OpenCL_INCLUDE_DIR-NOTFOUND/CL/cl.h: No such file or directory
 #include <OpenCL_INCLUDE_DIR-NOTFOUND/CL/cl.h>
          ^~~~~~~~~~~~~~~~~~~~~~~~~~~~~~~~~~~~~
compilation terminated.
CMakeFiles/cmTC_2dd9e.dir/build.make:65: recipe for target 'CMakeFiles/cmTC_2dd9e.dir/CheckSymbolExists.c.o' failed
make[1]: *** [CMakeFiles/cmTC_2dd9e.dir/CheckSymbolExists.c.o] Error 1
make[1]: Leaving directory '/home/robot/catkin_ws/build/CMakeFiles/CMakeTmp'
Makefile:126: recipe for target 'cmTC_2dd9e/fast' failed
make: *** [cmTC_2dd9e/fast] Error 2

File /home/robot/catkin_ws/build/CMakeFiles/CMakeTmp/CheckSymbolExists.c:
/* */
#include <OpenCL_INCLUDE_DIR-NOTFOUND/CL/cl.h>

int main(int argc, char** argv)
{
  (void)argv;
#ifndef CL_VERSION_1_2
  return ((int*)(&CL_VERSION_1_2))[argc];
#else
  (void)argc;
  return 0;
#endif
}

Determining if the CL_VERSION_1_1 exist failed with the following output:
Change Dir: /home/robot/catkin_ws/build/CMakeFiles/CMakeTmp

Run Build Command:"/usr/bin/make" "cmTC_50193/fast"
/usr/bin/make -f CMakeFiles/cmTC_50193.dir/build.make CMakeFiles/cmTC_50193.dir/build
make[1]: Entering directory '/home/robot/catkin_ws/build/CMakeFiles/CMakeTmp'
Building C object CMakeFiles/cmTC_50193.dir/CheckSymbolExists.c.o
/usr/bin/cc    -o CMakeFiles/cmTC_50193.dir/CheckSymbolExists.c.o   -c /home/robot/catkin_ws/build/CMakeFiles/CMakeTmp/CheckSymbolExists.c
/home/robot/catkin_ws/build/CMakeFiles/CMakeTmp/CheckSymbolExists.c:2:10: fatal error: OpenCL_INCLUDE_DIR-NOTFOUND/CL/cl.h: No such file or directory
 #include <OpenCL_INCLUDE_DIR-NOTFOUND/CL/cl.h>
          ^~~~~~~~~~~~~~~~~~~~~~~~~~~~~~~~~~~~~
compilation terminated.
CMakeFiles/cmTC_50193.dir/build.make:65: recipe for target 'CMakeFiles/cmTC_50193.dir/CheckSymbolExists.c.o' failed
make[1]: *** [CMakeFiles/cmTC_50193.dir/CheckSymbolExists.c.o] Error 1
make[1]: Leaving directory '/home/robot/catkin_ws/build/CMakeFiles/CMakeTmp'
Makefile:126: recipe for target 'cmTC_50193/fast' failed
make: *** [cmTC_50193/fast] Error 2

File /home/robot/catkin_ws/build/CMakeFiles/CMakeTmp/CheckSymbolExists.c:
/* */
#include <OpenCL_INCLUDE_DIR-NOTFOUND/CL/cl.h>

int main(int argc, char** argv)
{
  (void)argv;
#ifndef CL_VERSION_1_1
  return ((int*)(&CL_VERSION_1_1))[argc];
#else
  (void)argc;
  return 0;
#endif
}

Determining if the CL_VERSION_1_0 exist failed with the following output:
Change Dir: /home/robot/catkin_ws/build/CMakeFiles/CMakeTmp

Run Build Command:"/usr/bin/make" "cmTC_3146f/fast"
/usr/bin/make -f CMakeFiles/cmTC_3146f.dir/build.make CMakeFiles/cmTC_3146f.dir/build
make[1]: Entering directory '/home/robot/catkin_ws/build/CMakeFiles/CMakeTmp'
Building C object CMakeFiles/cmTC_3146f.dir/CheckSymbolExists.c.o
/usr/bin/cc    -o CMakeFiles/cmTC_3146f.dir/CheckSymbolExists.c.o   -c /home/robot/catkin_ws/build/CMakeFiles/CMakeTmp/CheckSymbolExists.c
/home/robot/catkin_ws/build/CMakeFiles/CMakeTmp/CheckSymbolExists.c:2:10: fatal error: OpenCL_INCLUDE_DIR-NOTFOUND/CL/cl.h: No such file or directory
 #include <OpenCL_INCLUDE_DIR-NOTFOUND/CL/cl.h>
          ^~~~~~~~~~~~~~~~~~~~~~~~~~~~~~~~~~~~~
compilation terminated.
CMakeFiles/cmTC_3146f.dir/build.make:65: recipe for target 'CMakeFiles/cmTC_3146f.dir/CheckSymbolExists.c.o' failed
make[1]: *** [CMakeFiles/cmTC_3146f.dir/CheckSymbolExists.c.o] Error 1
make[1]: Leaving directory '/home/robot/catkin_ws/build/CMakeFiles/CMakeTmp'
Makefile:126: recipe for target 'cmTC_3146f/fast' failed
make: *** [cmTC_3146f/fast] Error 2

File /home/robot/catkin_ws/build/CMakeFiles/CMakeTmp/CheckSymbolExists.c:
/* */
#include <OpenCL_INCLUDE_DIR-NOTFOUND/CL/cl.h>

int main(int argc, char** argv)
{
  (void)argv;
#ifndef CL_VERSION_1_0
  return ((int*)(&CL_VERSION_1_0))[argc];
#else
  (void)argc;
  return 0;
#endif
}

